\BOOKMARK [0][-]{chapter.1}{Introducci\363n}{}% 1
\BOOKMARK [1][-]{section.1.1}{Reconocimiento de patrones y tipos de datos algebraicos}{chapter.1}% 2
\BOOKMARK [1][-]{section.1.2}{Variables de tipo}{chapter.1}% 3
\BOOKMARK [1][-]{section.1.3}{Lambdas}{chapter.1}% 4
\BOOKMARK [1][-]{section.1.4}{Plegados de listas}{chapter.1}% 5
\BOOKMARK [0][-]{chapter.2}{Librer\355a Parsec}{}% 6
\BOOKMARK [1][-]{section.2.1}{Introducci\363n a Parsec}{chapter.2}% 7
\BOOKMARK [1][-]{section.2.2}{Librer\355as necesarias}{chapter.2}% 8
\BOOKMARK [1][-]{section.2.3}{Formato a parsear}{chapter.2}% 9
\BOOKMARK [0][-]{chapter.3}{T\355tulo del Cap\355tulo Tres}{}% 10
\BOOKMARK [1][-]{section.3.1}{Primer apartado de este capitulo}{chapter.3}% 11
\BOOKMARK [1][-]{section.3.2}{Segundo apartado de este capitulo}{chapter.3}% 12
\BOOKMARK [1][-]{section.3.3}{Tercer apartado de este capitulo}{chapter.3}% 13
\BOOKMARK [0][-]{chapter.4}{T\355tulo del Cap\355tulo Cuatro}{}% 14
\BOOKMARK [0][-]{chapter.5}{Conclusiones y trabajos futuros}{}% 15
\BOOKMARK [0][-]{chapter.6}{Summary and Conclusions }{}% 16
\BOOKMARK [1][-]{section.6.1}{First Section}{chapter.6}% 17
\BOOKMARK [0][-]{chapter.7}{Presupuesto}{}% 18
\BOOKMARK [1][-]{section.7.1}{Secci\363n Uno}{chapter.7}% 19
\BOOKMARK [0][-]{appendix.Alph1}{T\355tulo del Ap\351ndice 1}{}% 20
\BOOKMARK [1][-]{section.Alph1.1}{Algoritmo XXX}{appendix.Alph1}% 21
\BOOKMARK [1][-]{section.Alph1.2}{Algoritmo YYY}{appendix.Alph1}% 22
\BOOKMARK [0][-]{appendix.Alph2}{T\355tulo del Ap\351ndice 2}{}% 23
\BOOKMARK [1][-]{section.Alph2.1}{Otro apendice: Seccion 1}{appendix.Alph2}% 24
\BOOKMARK [1][-]{section.Alph2.2}{Otro apendice: Seccion 2}{appendix.Alph2}% 25
\BOOKMARK [0][-]{section.Alph2.2}{Bibliograf\355a}{}% 26
